<?xml version="1.0" encoding="UTF-8"?>
<testsuite name="MeasurementsOfWeightTest" tests="9" skipped="0" failures="0" errors="0" timestamp="2021-03-18T05:08:42" hostname="DESKTOP-AB0UK2U" time="0.084">
  <properties/>
  <testcase name="testThrowsExceptionForZeroValuedDimension()" classname="MeasurementsOfWeightTest" time="0.043"/>
  <testcase name="testEqualsIsFalseFor2GramsEquals1Gram()" classname="MeasurementsOfWeightTest" time="0.017"/>
  <testcase name="testEqualsIsTrueFor100GramsEqualsOneTenthKilogram()" classname="MeasurementsOfWeightTest" time="0.003"/>
  <testcase name="testThrowsExceptionForNegativeValuedDimension()" classname="MeasurementsOfWeightTest" time="0.002"/>
  <testcase name="testEqualsIsTrueForOneTenthKilogramEquals100Gram()" classname="MeasurementsOfWeightTest" time="0.002"/>
  <testcase name="testAddIs1010GramFor10GramAnd1Kilogram()" classname="MeasurementsOfWeightTest" time="0.003"/>
  <testcase name="testSubtractThrowsExceptionForRemoving1GramFrom50Gram()" classname="MeasurementsOfWeightTest" time="0.002"/>
  <testcase name="testSubtractThrowsExceptionForRemoving1MeterFrom1Meter()" classname="MeasurementsOfWeightTest" time="0.003"/>
  <testcase name="testSubtractIs1KilogramForRemoving500GramsFromOneAndAHalfKilogram()" classname="MeasurementsOfWeightTest" time="0.001"/>
  <system-out><![CDATA[gram2.0
gram1.0
gram100.0
gram0.1
gram0.1
gram100.0
gram1.0
gram10.0
gram1010.0
gram1.01
gram1.0
gram50.0
gram50.0
gram50.0
gram1.5
gram500.0
gram1.0
gram1.0
]]></system-out>
  <system-err><![CDATA[]]></system-err>
</testsuite>
