<?xml version="1.0" encoding="UTF-8"?>
<testsuite name="MeasurementsOfWeightTest" tests="10" skipped="0" failures="0" errors="0" timestamp="2021-03-21T08:50:43" hostname="DESKTOP-AB0UK2U" time="0.04">
  <properties/>
  <testcase name="testThrowsExceptionForZeroValuedDimension()" classname="MeasurementsOfWeightTest" time="0.021"/>
  <testcase name="testEqualsIsFalseFor2GramsEquals1Gram()" classname="MeasurementsOfWeightTest" time="0.001"/>
  <testcase name="testEqualsIsTrueFor100GramsEqualsOneTenthKilogram()" classname="MeasurementsOfWeightTest" time="0.009"/>
  <testcase name="testThrowsExceptionForNegativeValuedDimension()" classname="MeasurementsOfWeightTest" time="0.001"/>
  <testcase name="testEqualsIsTrueForOneTenthKilogramEquals100Gram()" classname="MeasurementsOfWeightTest" time="0.001"/>
  <testcase name="testAddIs1010GramFor10GramAnd1Kilogram()" classname="MeasurementsOfWeightTest" time="0.001"/>
  <testcase name="testEqualsIsTrueFor1GramEquals1Gram()" classname="MeasurementsOfWeightTest" time="0.0"/>
  <testcase name="testSubtractThrowsExceptionForRemoving1GramFrom50Gram()" classname="MeasurementsOfWeightTest" time="0.001"/>
  <testcase name="testSubtractThrowsExceptionForRemoving1MeterFrom1Meter()" classname="MeasurementsOfWeightTest" time="0.0"/>
  <testcase name="testSubtractIs1KilogramForRemoving500GramsFromOneAndAHalfKilogram()" classname="MeasurementsOfWeightTest" time="0.0"/>
  <system-out><![CDATA[gram 0.1 kilo 0.1
]]></system-out>
  <system-err><![CDATA[]]></system-err>
</testsuite>
