<?xml version="1.0" encoding="UTF-8"?>
<testsuite name="WeightTest" tests="10" skipped="0" failures="0" errors="0" timestamp="2021-03-22T12:35:34" hostname="DESKTOP-AB0UK2U" time="0.031">
  <properties/>
  <testcase name="testThrowsExceptionForZeroValuedDimension()" classname="WeightTest" time="0.021"/>
  <testcase name="testEqualsIsFalseFor2GramsEquals1Gram()" classname="WeightTest" time="0.001"/>
  <testcase name="testEqualsIsTrueFor100GramsEqualsOneTenthKilogram()" classname="WeightTest" time="0.001"/>
  <testcase name="testThrowsExceptionForNegativeValuedDimension()" classname="WeightTest" time="0.0"/>
  <testcase name="testEqualsIsTrueForOneTenthKilogramEquals100Gram()" classname="WeightTest" time="0.001"/>
  <testcase name="testAddIs1010GramFor10GramAnd1Kilogram()" classname="WeightTest" time="0.001"/>
  <testcase name="testEqualsIsTrueFor1GramEquals1Gram()" classname="WeightTest" time="0.0"/>
  <testcase name="testSubtractThrowsExceptionForRemoving1GramFrom50Gram()" classname="WeightTest" time="0.0"/>
  <testcase name="testSubtractThrowsExceptionForRemoving1MeterFrom1Meter()" classname="WeightTest" time="0.0"/>
  <testcase name="testSubtractIs1KilogramForRemoving500GramsFromOneAndAHalfKilogram()" classname="WeightTest" time="0.0"/>
  <system-out><![CDATA[]]></system-out>
  <system-err><![CDATA[]]></system-err>
</testsuite>
