<?xml version="1.0" encoding="UTF-8"?>
<testsuite name="MeasurementOfTemperatureTest" tests="8" skipped="0" failures="0" errors="0" timestamp="2021-03-21T10:58:35" hostname="DESKTOP-AB0UK2U" time="0.105">
  <properties/>
  <testcase name="testIf32FahrenheitIsNotEqualTo1Celsius()" classname="MeasurementOfTemperatureTest" time="0.071"/>
  <testcase name="testThrowsExceptionIfValueOfCelsiusExceedsRange()" classname="MeasurementOfTemperatureTest" time="0.007"/>
  <testcase name="testIfMinus273CelsiusEqualTo0kelvin()" classname="MeasurementOfTemperatureTest" time="0.003"/>
  <testcase name="testThrowsExceptionIfValueOfFahrenheitExceedsRange()" classname="MeasurementOfTemperatureTest" time="0.003"/>
  <testcase name="testIf0CelsiusIsEqualTo32Fahrenheit()" classname="MeasurementOfTemperatureTest" time="0.002"/>
  <testcase name="testThrowsExceptionIfValueOfKelvinExceedsRange()" classname="MeasurementOfTemperatureTest" time="0.002"/>
  <testcase name="testIf0KelvinIsEqualToMinus273Celsius()" classname="MeasurementOfTemperatureTest" time="0.003"/>
  <testcase name="testIf32FahrenheitIsEqualTo0Celsius()" classname="MeasurementOfTemperatureTest" time="0.002"/>
  <system-out><![CDATA[]]></system-out>
  <system-err><![CDATA[]]></system-err>
</testsuite>
